2025-06-06 01:17:41,564 - INFO - Starting embedding-based spectral clustering pipeline...
2025-06-06 01:17:41,564 - INFO - Loading embeddings from ../embeddings/llama_3.2_3b_embeddings.npy
2025-06-06 01:17:41,673 - INFO - Loading paper IDs from ../embeddings/llama_3.2_3b_embeddings.csv
2025-06-06 01:17:53,452 - INFO - Loaded 27770 embeddings with dimension 3072
2025-06-06 01:17:53,453 - INFO - Creating similarity graph...
2025-06-06 01:17:53,453 - INFO - Initialized similarity graph with 27770 papers
2025-06-06 01:17:53,453 - INFO - Embedding dimension: 3072
2025-06-06 01:17:53,453 - INFO - Creating k-NN similarity graph with k=10
2025-06-06 01:18:20,411 - INFO - Created k-NN similarity graph
2025-06-06 01:18:20,432 - INFO - Running spectral clustering...
2025-06-06 01:18:20,432 - INFO - Initialized spectral clustering with 8 clusters
2025-06-06 01:18:20,432 - INFO - Fitting spectral clustering...
2025-06-06 01:22:14,954 - INFO - Spectral clustering completed
2025-06-06 01:22:14,954 - INFO - Computing silhouette score...
2025-06-06 01:22:39,040 - INFO - Silhouette score: 0.2335
2025-06-06 01:22:39,040 - INFO - Computing cosine similarity matrix...
2025-06-06 01:22:41,911 - INFO - Cosine similarity matrix computed
2025-06-06 01:22:44,602 - INFO - Creating visualizations...
2025-06-06 01:22:44,602 - INFO - Creating t-SNE visualization...
2025-06-06 01:23:56,078 - INFO - t-SNE plot saved to results/milestone1/tsne_clusters.png
2025-06-06 01:23:56,394 - INFO - Cluster sizes plot saved to results/milestone1/cluster_sizes.png
2025-06-06 01:23:56,395 - INFO - Results saved to results/milestone1/clustering_results.json
2025-06-06 01:23:56,418 - INFO - Cluster assignments saved to results/milestone1/cluster_assignments.csv
2025-06-06 01:23:56,419 - INFO - Summary saved to results/milestone1/clustering_summary.txt
2025-06-06 01:23:56,419 - INFO - Clustering pipeline completed successfully!
